TN:
SF:src/data_access_layer/dbconfig.js
FN:49,ping2
FNF:1
FNH:0
FNDA:0,ping2
DA:1,1
DA:2,1
DA:3,1
DA:4,1
DA:5,1
DA:6,1
DA:7,1
DA:8,1
DA:9,1
DA:10,1
DA:11,1
DA:12,1
DA:13,1
DA:14,1
DA:15,1
DA:16,1
DA:17,1
DA:18,1
DA:19,1
DA:20,1
DA:21,1
DA:22,1
DA:23,1
DA:24,1
DA:25,1
DA:26,1
DA:27,1
DA:28,1
DA:29,1
DA:30,1
DA:31,1
DA:32,1
DA:33,1
DA:34,1
DA:35,1
DA:36,1
DA:37,1
DA:38,1
DA:39,0
DA:40,0
DA:41,0
DA:42,0
DA:43,0
DA:44,0
DA:45,1
DA:46,1
DA:47,1
DA:48,1
DA:49,0
DA:50,0
DA:51,0
DA:52,0
DA:53,0
DA:54,0
DA:55,0
DA:56,1
DA:57,1
DA:58,1
DA:59,1
DA:60,1
DA:61,1
DA:62,1
DA:63,1
DA:64,1
DA:65,1
DA:66,1
DA:67,1
LF:67
LH:54
BRDA:35,0,0,1
BRF:1
BRH:1
end_of_record
TN:
SF:src/inventory/supplier.js
FN:13,addSupplier
FN:75,findSupplier
FN:85,findSupplierByName
FN:95,findSupplierById
FN:103,updateSupplier
FN:130,deleteSupplier
FNF:6
FNH:5
FNDA:2,addSupplier
FNDA:0,findSupplier
FNDA:1,findSupplierByName
FNDA:6,findSupplierById
FNDA:1,updateSupplier
FNDA:1,deleteSupplier
DA:1,1
DA:2,1
DA:3,1
DA:4,1
DA:5,1
DA:6,1
DA:7,1
DA:8,1
DA:9,1
DA:10,1
DA:11,1
DA:12,1
DA:13,2
DA:14,2
DA:15,2
DA:16,2
DA:17,2
DA:18,2
DA:19,2
DA:20,2
DA:21,2
DA:22,2
DA:23,2
DA:24,2
DA:25,2
DA:26,2
DA:27,2
DA:28,2
DA:29,2
DA:30,2
DA:31,24
DA:32,24
DA:33,24
DA:34,2
DA:35,2
DA:36,2
DA:37,2
DA:38,2
DA:39,2
DA:40,2
DA:41,14
DA:42,0
DA:43,0
DA:44,14
DA:45,2
DA:46,2
DA:47,2
DA:48,2
DA:49,2
DA:50,2
DA:51,2
DA:52,2
DA:53,2
DA:54,2
DA:55,2
DA:56,2
DA:57,2
DA:58,2
DA:59,2
DA:60,2
DA:61,2
DA:62,2
DA:63,2
DA:64,2
DA:65,2
DA:66,2
DA:67,2
DA:68,2
DA:69,2
DA:70,2
DA:71,2
DA:72,2
DA:73,2
DA:74,1
DA:75,0
DA:76,0
DA:77,0
DA:78,0
DA:79,0
DA:80,0
DA:81,0
DA:82,0
DA:83,0
DA:84,1
DA:85,1
DA:86,1
DA:87,1
DA:88,1
DA:89,1
DA:90,1
DA:91,1
DA:92,1
DA:93,1
DA:94,1
DA:95,6
DA:96,6
DA:97,6
DA:98,6
DA:99,6
DA:100,6
DA:101,1
DA:102,1
DA:103,1
DA:104,1
DA:105,1
DA:106,1
DA:107,1
DA:108,1
DA:109,1
DA:110,1
DA:111,1
DA:112,1
DA:113,1
DA:114,1
DA:115,1
DA:116,1
DA:117,1
DA:118,1
DA:119,1
DA:120,1
DA:121,1
DA:122,1
DA:123,1
DA:124,1
DA:125,1
DA:126,1
DA:127,1
DA:128,1
DA:129,1
DA:130,1
DA:131,1
DA:132,1
DA:133,1
DA:134,1
DA:135,1
DA:136,1
DA:137,1
DA:138,1
DA:139,1
DA:140,1
DA:141,1
DA:142,1
DA:143,1
DA:144,1
LF:144
LH:133
BRDA:13,0,0,2
BRDA:40,1,0,14
BRDA:41,2,0,0
BRDA:47,3,0,0
BRDA:48,4,0,0
BRDA:49,5,0,0
BRDA:50,6,0,0
BRDA:51,7,0,0
BRDA:52,8,0,0
BRDA:53,9,0,0
BRDA:54,10,0,0
BRDA:55,11,0,0
BRDA:56,12,0,0
BRDA:57,13,0,0
BRDA:59,14,0,0
BRDA:30,15,0,24
BRDA:85,16,0,1
BRDA:95,17,0,6
BRDA:103,18,0,1
BRDA:130,19,0,1
BRF:20
BRH:7
end_of_record
TN:
SF:src/service/utils.js
FN:5,addWhereClause
FN:21,addSetClause
FNF:2
FNH:2
FNDA:1,addWhereClause
FNDA:1,addSetClause
DA:1,1
DA:2,1
DA:3,1
DA:4,1
DA:5,1
DA:6,1
DA:7,1
DA:8,1
DA:9,1
DA:10,1
DA:11,1
DA:12,1
DA:13,1
DA:14,1
DA:15,1
DA:16,1
DA:17,1
DA:18,1
DA:19,1
DA:20,1
DA:21,1
DA:22,1
DA:23,1
DA:24,1
DA:25,1
DA:26,8
DA:27,8
DA:28,8
DA:29,1
DA:30,1
DA:31,1
DA:32,1
DA:33,1
LF:33
LH:33
BRDA:5,0,0,1
BRDA:21,1,0,1
BRDA:25,2,0,8
BRF:3
BRH:3
end_of_record
